[0m2021.04.02 10:12:23 INFO  Started: Metals version 0.10.0 in workspace '/Users/sveolon/dev/advent_of_code_2020/01' for client vscode 1.45.1.[0m
[0m2021.04.02 10:12:23 INFO  time: initialize in 0.5s[0m
[0m2021.04.02 10:12:24 INFO  Attempting to connect to the build server...[0m
Starting the bsp launcher for bloop...
Opening a bsp server connection with 'bsp --protocol local --socket /var/folders/mb/bf2gzjdj793fgy344mltsdt00000gn/T/bsp-launcher600080379001531550/bsp.socket'...
Waiting for the bsp connection to come up...
Waiting for the bsp connection to come up...
[0m2021.04.02 10:12:26 INFO  running '/Library/Java/JavaVirtualMachines/jdk1.8.0_60.jdk/Contents/Home/bin/java -Djline.terminal=jline.UnsupportedTerminal -Dsbt.log.noformat=true -Dfile.encoding=UTF-8 -jar /var/folders/mb/bf2gzjdj793fgy344mltsdt00000gn/T/metals750732957074690630/sbt-launch.jar -Dbloop.export-jar-classifiers=sources bloopInstall'[0m
Waiting for the bsp connection to come up...
[0m2021.04.02 10:12:26 WARN  no build target for: /Users/sveolon/dev/advent_of_code_2020/01/project/metals.sbt[0m
[0m2021.04.02 10:12:26 WARN  no build target for: /Users/sveolon/dev/advent_of_code_2020/01/project/project/metals.sbt[0m
[0m2021.04.02 10:12:26 INFO  skipping build import with status 'Started'[0m
Waiting for the bsp connection to come up...
Waiting for the bsp connection to come up...
[0m2021.04.02 10:12:29 INFO  [info] welcome to sbt 1.4.9 (Oracle Corporation Java 1.8.0_60)[0m
Waiting for the bsp connection to come up...
[0m2021.04.02 10:12:30 INFO  no build target: using presentation compiler with only scala-library: 2.12.13[0m
Waiting for the bsp connection to come up...
Waiting for the bsp connection to come up...
// DO NOT EDIT! This file is auto-generated.
// This file enables sbt-bloop to create bloop config files.

addSbtPlugin("ch.epfl.scala" % "sbt-bloop" % "1.4.8")

Waiting for the bsp connection to come up...
[0m2021.04.02 10:12:33 INFO  [info] loading settings for project root-01-build-build from metals.sbt ...[0m
No server running at 127.0.0.1:8212, let's fire one...
Resolving ch.epfl.scala:bloop-frontend_2.12:1.4.8...
Starting bloop server at 127.0.0.1:8212...
Attempting a connection to the server...
Attempting a connection to the server...
Attempting a connection to the server...
Attempting a connection to the server...
Attempting a connection to the server...
Attempting a connection to the server...
Attempting a connection to the server...
Attempting a connection to the server...
Attempting a connection to the server...
Attempting a connection to the server...
Attempting a connection to the server...
Attempting a connection to the server...
[0m[32m[D][0m Waiting for a connection at local:///var/folders/mb/bf2gzjdj793fgy344mltsdt00000gn/T/bsp-launcher600080379001531550/bsp.socket...
The server is listening for incoming connections at local:///var/folders/mb/bf2gzjdj793fgy344mltsdt00000gn/T/bsp-launcher600080379001531550/bsp.socket...
Starting thread that pumps stdin and redirects it to the bsp server...
Starting thread that pumps server stdout and redirects it to the client stdout...
[0m2021.04.02 10:12:34 INFO  tracing is disabled for protocol BSP, to enable tracing of incoming and outgoing JSON messages create an empty file at /Users/sveolon/Library/Caches/org.scalameta.metals/bsp.trace.json[0m
// DO NOT EDIT! This file is auto-generated.
// This file enables sbt-bloop to create bloop config files.

addSbtPlugin("ch.epfl.scala" % "sbt-bloop" % "1.4.8")

[0m2021.04.02 10:12:34 INFO  [info] loading project definition from /Users/sveolon/dev/advent_of_code_2020/01/project/project[0m
[0m2021.04.02 10:12:34 INFO  time: Connected to build server in 10s[0m
[0m2021.04.02 10:12:34 INFO  Connected to Build server: Bloop v1.4.8[0m
[0m2021.04.02 10:12:34 ERROR Empty build targets. Expected at least one build target identifier.[0m
[0m2021.04.02 10:12:34 ERROR Empty build targets. Expected at least one build target identifier.[0m
[0m2021.04.02 10:12:34 ERROR Empty build targets. Expected at least one build target identifier.[0m
[0m2021.04.02 10:12:34 INFO  time: Imported build in 0.1s[0m
[0m2021.04.02 10:12:34 INFO  time: indexed workspace in 0.87s[0m
[0m2021.04.02 10:12:38 INFO  [info] loading settings for project root-01-build from metals.sbt ...[0m
[0m2021.04.02 10:12:38 INFO  [info] loading project definition from /Users/sveolon/dev/advent_of_code_2020/01/project[0m
[0m2021.04.02 10:12:44 INFO  [success] Generated .bloop/root-01-build.json[0m
[0m2021.04.02 10:12:44 INFO  [success] Total time: 6 s, completed Apr 2, 2021 10:12:44 AM[0m
[0m2021.04.02 10:12:44 INFO  [info] set current project to root-01 (in build file:/Users/sveolon/dev/advent_of_code_2020/01/)[0m
[0m2021.04.02 10:12:44 INFO  [success] Generated .bloop/root-01-test.json[0m
[0m2021.04.02 10:12:44 INFO  [success] Generated .bloop/root-01.json[0m
[0m2021.04.02 10:12:44 INFO  [success] Total time: 0 s, completed Apr 2, 2021 10:12:45 AM[0m
[0m2021.04.02 10:12:45 INFO  sbt bloopInstall exit: 0[0m
[0m2021.04.02 10:12:45 INFO  time: ran 'sbt bloopInstall' in 18s[0m
[0m2021.04.02 10:12:45 INFO  Disconnecting from Bloop session...[0m
[0m2021.04.02 10:12:45 INFO  Shut down connection with build server.[0m
No more data in the client stdin, exiting...
[0m2021.04.02 10:12:45 INFO  Attempting to connect to the build server...[0m
Starting the bsp launcher for bloop...
Opening a bsp server connection with 'bsp --protocol local --socket /var/folders/mb/bf2gzjdj793fgy344mltsdt00000gn/T/bsp-launcher9043010230485403193/bsp.socket'...
Waiting for the bsp connection to come up...
No more data in the server stdin, exiting...
No more data in the server stdin, exiting...
[0m[32m[D][0m Loading 2 projects from '/Users/sveolon/dev/advent_of_code_2020/01/.bloop'...
[0m[32m[D][0m Loading project from '/Users/sveolon/dev/advent_of_code_2020/01/.bloop/root-01-test.json'
[0m[32m[D][0m Loading project from '/Users/sveolon/dev/advent_of_code_2020/01/.bloop/root-01.json'
[0m[32m[D][0m Cache miss for scala instance org.scala-lang:scala-compiler:2.12.12.
[0m[32m[D][0m   => /Users/sveolon/.sbt/boot/scala-2.12.12/lib/jansi.jar
[0m[32m[D][0m   => /Users/sveolon/.sbt/boot/scala-2.12.12/lib/jline.jar
[0m[32m[D][0m   => /Users/sveolon/.sbt/boot/scala-2.12.12/lib/scala-compiler.jar
[0m[32m[D][0m   => /Users/sveolon/.sbt/boot/scala-2.12.12/lib/scala-library.jar
[0m[32m[D][0m   => /Users/sveolon/.sbt/boot/scala-2.12.12/lib/scala-reflect.jar
[0m[32m[D][0m   => /Users/sveolon/.sbt/boot/scala-2.12.12/lib/scala-xml_2.12.jar
[0m[32m[D][0m Waiting for a connection at local:///var/folders/mb/bf2gzjdj793fgy344mltsdt00000gn/T/bsp-launcher9043010230485403193/bsp.socket...
The server is listening for incoming connections at local:///var/folders/mb/bf2gzjdj793fgy344mltsdt00000gn/T/bsp-launcher9043010230485403193/bsp.socket...
Starting thread that pumps stdin and redirects it to the bsp server...
Starting thread that pumps server stdout and redirects it to the client stdout...
[0m2021.04.02 10:12:45 INFO  tracing is disabled for protocol BSP, to enable tracing of incoming and outgoing JSON messages create an empty file at /Users/sveolon/Library/Caches/org.scalameta.metals/bsp.trace.json[0m
[0m2021.04.02 10:12:47 INFO  Attempting to connect to the build server...[0m
Starting the bsp launcher for bloop...
Opening a bsp server connection with 'bsp --protocol local --socket /var/folders/mb/bf2gzjdj793fgy344mltsdt00000gn/T/bsp-launcher5845576225382092855/bsp.socket'...
Waiting for the bsp connection to come up...
[0m[32m[D][0m Loading workspace settings from bloop.settings.json
[0m[32m[D][0m Waiting for a connection at local:///var/folders/mb/bf2gzjdj793fgy344mltsdt00000gn/T/bsp-launcher5845576225382092855/bsp.socket...
The server is listening for incoming connections at local:///var/folders/mb/bf2gzjdj793fgy344mltsdt00000gn/T/bsp-launcher5845576225382092855/bsp.socket...
Starting thread that pumps stdin and redirects it to the bsp server...
Starting thread that pumps server stdout and redirects it to the client stdout...
[0m2021.04.02 10:12:47 INFO  tracing is disabled for protocol BSP, to enable tracing of incoming and outgoing JSON messages create an empty file at /Users/sveolon/Library/Caches/org.scalameta.metals/bsp.trace.json[0m
[0m2021.04.02 10:12:47 INFO  time: Connected to build server in 2.21s[0m
[0m2021.04.02 10:12:47 INFO  Connected to Build server: Bloop v1.4.8[0m
[0m2021.04.02 10:12:49 INFO  time: indexed workspace in 2.06s[0m
[0m2021.04.02 10:13:19 INFO  shutting down Metals[0m
[0m2021.04.02 10:13:19 INFO  Shut down connection with build server.[0m
No more data in the client stdin, exiting...
[0m2021.04.02 10:13:19 INFO  Shut down connection with build server.No more data in the server stdin, exiting...
[0mNo more data in the server stdin, exiting...

No more data in the client stdin, exiting...
